c:\users\seungwan\desktop\labproject 따라하기\labproject\x64\debug\vc143.pdb
c:\users\seungwan\desktop\labproject 따라하기\labproject\x64\debug\vc143.idb
c:\users\seungwan\desktop\labproject 따라하기\labproject\x64\debug\timer.obj
c:\users\seungwan\desktop\labproject 따라하기\labproject\x64\debug\mesh.obj
c:\users\seungwan\desktop\labproject 따라하기\labproject\x64\debug\camera.obj
c:\users\seungwan\desktop\labproject 따라하기\labproject\x64\debug\shader.obj
c:\users\seungwan\desktop\labproject 따라하기\labproject\x64\debug\scene.obj
c:\users\seungwan\desktop\labproject 따라하기\labproject\x64\debug\player.obj
c:\users\seungwan\desktop\labproject 따라하기\labproject\x64\debug\labproject.obj
c:\users\seungwan\desktop\labproject 따라하기\labproject\x64\debug\gameobject.obj
c:\users\seungwan\desktop\labproject 따라하기\labproject\x64\debug\gameframework.obj
c:\users\seungwan\desktop\labproject 따라하기\labproject\x64\debug\labproject.pch
c:\users\seungwan\desktop\labproject 따라하기\labproject\x64\debug\stdafx.obj
c:\users\seungwan\desktop\labproject 따라하기\labproject\x64\debug\labproject.res
c:\users\seungwan\desktop\labproject 따라하기\labproject\x64\debug\labproject.ilk
c:\users\seungwan\desktop\labproject 따라하기\x64\debug\labproject.pdb
c:\users\seungwan\desktop\labproject 따라하기\labproject\x64\debug\labproject.tlog\cl.command.1.tlog
c:\users\seungwan\desktop\labproject 따라하기\labproject\x64\debug\labproject.tlog\cl.items.tlog
c:\users\seungwan\desktop\labproject 따라하기\labproject\x64\debug\labproject.tlog\cl.read.1.tlog
c:\users\seungwan\desktop\labproject 따라하기\labproject\x64\debug\labproject.tlog\cl.write.1.tlog
c:\users\seungwan\desktop\labproject 따라하기\labproject\x64\debug\labproject.tlog\link-cvtres.read.1.tlog
c:\users\seungwan\desktop\labproject 따라하기\labproject\x64\debug\labproject.tlog\link-cvtres.write.1.tlog
c:\users\seungwan\desktop\labproject 따라하기\labproject\x64\debug\labproject.tlog\link-rc.read.1.tlog
c:\users\seungwan\desktop\labproject 따라하기\labproject\x64\debug\labproject.tlog\link-rc.write.1.tlog
c:\users\seungwan\desktop\labproject 따라하기\labproject\x64\debug\labproject.tlog\link.17588-cvtres.read.1.tlog
c:\users\seungwan\desktop\labproject 따라하기\labproject\x64\debug\labproject.tlog\link.17588-cvtres.write.1.tlog
c:\users\seungwan\desktop\labproject 따라하기\labproject\x64\debug\labproject.tlog\link.17588-rc.read.1.tlog
c:\users\seungwan\desktop\labproject 따라하기\labproject\x64\debug\labproject.tlog\link.17588-rc.write.1.tlog
c:\users\seungwan\desktop\labproject 따라하기\labproject\x64\debug\labproject.tlog\link.17588.read.1.tlog
c:\users\seungwan\desktop\labproject 따라하기\labproject\x64\debug\labproject.tlog\link.17588.read.2.tlog
c:\users\seungwan\desktop\labproject 따라하기\labproject\x64\debug\labproject.tlog\link.17588.write.1.tlog
c:\users\seungwan\desktop\labproject 따라하기\labproject\x64\debug\labproject.tlog\link.command.1.tlog
c:\users\seungwan\desktop\labproject 따라하기\labproject\x64\debug\labproject.tlog\link.read.1.tlog
c:\users\seungwan\desktop\labproject 따라하기\labproject\x64\debug\labproject.tlog\link.read.2.tlog
c:\users\seungwan\desktop\labproject 따라하기\labproject\x64\debug\labproject.tlog\link.secondary.1.tlog
c:\users\seungwan\desktop\labproject 따라하기\labproject\x64\debug\labproject.tlog\link.write.1.tlog
c:\users\seungwan\desktop\labproject 따라하기\labproject\x64\debug\labproject.tlog\rc.command.1.tlog
c:\users\seungwan\desktop\labproject 따라하기\labproject\x64\debug\labproject.tlog\rc.read.1.tlog
c:\users\seungwan\desktop\labproject 따라하기\labproject\x64\debug\labproject.tlog\rc.write.1.tlog
